<?xml version="1.0" encoding="UTF-8"?>
<!-- Generated by org.testng.reporters.JUnitReportReporter -->
<testsuite hostname="CNU352BYB8" failures="0" tests="1" name="com.mycompany.app.SeleniumTest" time="0.008" errors="0" timestamp="27 Jun 2019 15:09:39 GMT" skipped="0">
  <testcase classname="com.mycompany.app.SeleniumTest" name="testing" time="0.008"/>
</testsuite> <!-- com.mycompany.app.SeleniumTest -->
