<?xml version="1.0" encoding="UTF-8"?>
<!-- Generated by org.testng.reporters.JUnitReportReporter -->
<testsuite hostname="CNU352BYB8" failures="0" tests="1" name="com.mycompany.app.NewTest" time="0.000" errors="0" timestamp="27 Jun 2019 15:09:20 GMT" skipped="0">
  <testcase classname="com.mycompany.app.NewTest" name="testing" time="0.000"/>
</testsuite> <!-- com.mycompany.app.NewTest -->
